1
0
7
903
1
10
45
120
210
252
210
120
45
10
1
0
0
0
0
0
0
0
0
0
0
869731467
710926585
459580031
183771696
106975075
149492091
324185777
242811012
660825021
363994051
9600857
973898627
155657642
308725300
766194335
311986234
658119450
512253786
316980591
713751803
654245386
857473701
315742926
179520842
452225721
872696864
130010590
819540141
87906258
703117993
762351661
155374078
428969698
766064936
732396257
842728962
121783828
98482941
969328353
667076568
372983857
499708356
339352149
39966935
36268855
847147564
597074373
800346369
853740191
285683159
562649074
325994300
514381250
955270513
550564848
341567910
44396670
596610132
585908623
565845943
253565304
786615804
978634632
611533702
249071116
876879354
899244008
108199584
195715923
578662253
209194382
507618968
600141457
235254682
217505369
224891653
275802328
278128998
21758719
208246547
226108857
680576414
669550469
878955659
99470271
682888749
236988215
653633997
659536596
221295619
208633576
303039325
44923824
690812196
745616390
103408519
200002441
7940751
994177622
499746068
747721898
11163459
500684149
224269029
254077190
241492825
831301248
583474497
978744033
560053785
203487501
726965693
749159893
146960426
280331444
5417477
523861855
440839248
763467916
113170662
377506632
494614883
996003779
505267258
779990873
994066634
859203829
390204172
483773318
879597541
817370962
835743517
777638165
7416957
713616618
285329797
78240931
610036076
55907153
281367337
884979313
963677419
474925448
251273979
856286908
247279904
199572640
192371931
357312828
772889389
118410213
156903650
660992932
863037203
338001603
290849590
899920027
919052671
83094336
9074506
897302748
48183290
832813905
640920706
1281080
783927278
12224553
24258523
111834981
898473526
325154511
837375085
243929923
336582479
100262276
265005768
811063791
546159417
702657139
783456578
804134676
709337184
859098193
118726702
913699185
39502658
118889471
264266754
157418061
488981452
245955192
351376421
437802345
122778617
258383223
898680548
731972131
429931933
385333297
28342440
0
931411430
666485940
863416849
960006438
272204120
0
0
72590477
521378761
58080678
308189879
372077939
427190046
422374943
79834505
849549419
18585111
702853737
107866994
366716923
893107661
661657028
890143472
512823584
849705268
235737662
937639350
825564398
586656368
831094840
489634957
308879616
889127334
383424917
551818031
118072101
826690607
758192232
906322426
847684343
720168830
488542922
449280199
170444708
960500295
601269579
41612553
335752220
957395429
873093514
157317147
583988018
782339804
765688301
848497178
481475399
165109860
117880101
868884919
121940070
873211383
756387021
728442975
610075882
802931825
651219640
36852459
80936844
467298514
462390154
7694592
456923751
763959584
23502559
13290927
829982371
983857270
168774124
546830526
606246919
441140513
936028550
305071577
349123477
313702861
970061436
518899702
97316392
142403158
387424004
2060428
483264081
976406438
627900528
142048364
583501990
93339948
775063993
242041257
75306794
434851589
700814612
305897741
818321310
195096586
146802103
91646932
352931552
189428105
947977655
137617956
664153883
0
91512530
232315328
59885837
801497759
566064853
385905861
832019084
568555133
440827397
646054597
513743542
967262345
108330965
115989608
318162213
351764841
660373514
758449115
270324222
971576979
28489676
198738011
830359064
849784796
120841193
531271317
79664371
213548369
715252228
925585807
97578740
26615564
686275322
695695692
669258305
339413838
536879860
777386190
116845709
933282182
669311887
57331364
291102153
289859319
374908350
234962325
446235842
774033730
980510624
649608290
463952849
966837032
762167159
949380562
204669874
102234938
102334937
744910687
204569874
102234937
659832223
