286
439
571
872
439
516
174
592
836
345
892
671
376
941
852
468
715
923
672
548
139
124
975
638
845
367
129
657
821
934
987
514
263
875
392
164
276
493
185
761
839
254
457
192
638
853
172
694
256
487
193
563
879
214
241
678
359
197
638
245
613
498
725
943
587
126
657
842
391
817
365
294
938
476
152
839
726
514
451
297
386
836
914
572
428
593
716
753
912
864
638
591
247
684
217
935
163
458
279
576
291
348
384
216
975
871
362
495
958
614
327
632
917
485
497
681
235
948
713
265
286
954
317
641
237
985
461
573
829
394
657
821
918
243
657
231
698
745
235
867
491
631
749
582
791
284
356
539
748
612
872
635
419
435
182
967
243
589
617
592
486
731
427
369
581
175
263
948
836
594
721
127
486
953
534
271
689
459
768
231
628
134
579
285
346
197
274
581
963
863
941
572
317
952
684
347
162
958
543
986
712
295
618
743
852
473
916
986
134
572
784
259
136
968
534
721
368
157
429
537
412
968
758
916
423
657
938
412
421
589
376
793
261
845
452
396
178
574
613
829
293
154
687
492
873
561
814
273
659
615
283
479
712
359
684
378
624
951
268
749
135
132
749
568
947
218
635
328
714
956
548
197
326
124
796
835
957
318
642
158
637
294
724
836
915
316
427
589
695
713
428
825
731
946
398
512
647
148
576
932
