85502759
156927607
580072818
22540344
677573728
85502759
960773065
968092700
468359580
115086899
575988465
408768210
408768210
166444880
380807009
876846666
581218429
115086899
467788521
57007257
394070679
872771989
262876919
116904910
467788521
682217440
85502759
5083
629287329
670765255
850481177
682217440
467788521
145116722
982885479
612370395
408768210
143099854
45953136
262876919
807140400
45953136
415419575
115086899
116904910
467788521
670765255
485877453
140168879
87435412
156757508
308932023
677573728
574971384
381171715
677573728
279082870
131329173
156927607
156927607
876846666
708703877
467788521
116904910
708703877
475696436
575988465
629287329
583061755
893250397
354694183
629287329
115086899
384793227
708703877
143099854
143099854
813488021
671463150
176977762
143099854
82445615
394070679
164703121
575988465
708703877
408768210
612843067
160129519
504172908
84652995
925767095
982885479
143099854
539781454
145116722
228
523043603
827035518
85502759
156757508
140168879
682217440
982178739
468359580
145116722
960773065
629287329
85502759
468359580
82445615
968092700
394070679
145116722
876192746
708658763
156927607
664181242
196914025
85502759
131329173
5083
872771989
629287329
556446575
387455124
677573728
612370395
394070679
575988465
982885479
22540344
523043603
583987036
468359580
982178739
982885479
810008069
14591376
541504546
354694183
408768210
116904910
176977762
156927607
925767095
176977762
45953136
215218966
876846666
378478852
581218429
872771989
670765255
609288291
575988465
116904910
708703877
131329173
867379806
893250397
670765255
1
542253706
380807009
5916
166444880
813488021
176977762
468359580
166444880
682217440
8102
131834440
122185444
176977762
89323741
116904910
656108
925767095
664181242
867379806
215218966
671242338
200910821
171711989
713371652
279082870
467788521
609288291
745907158
609288291
677573728
962770118
907464563
664181242
580072818
682217440
131329173
682217440
850481177
498338900
354694183
156927607
612370395
164703121
609288291
629287329
140168879
580072818
131329173
876192746
215218966
89323741
670765255
938796987
354694183
145116722
247413584
612370395
670765255
420203
148187021
408233288
140168879
145116722
581218429
143099854
394070679
27
1
176400576
196914025
354694183
850481177
664181242
143099854
164703121
960773065
243881200
380807009
176400576
954527119
22540344
867379806
38253987
995970597
583061755
4
200910821
308932023
492116047
140168879
581218429
850481177
131329173
982885479
408768210
632087074
215325665
708703877
262876919
45953136
961112557
394070679
677573728
308932023
624162787
968092700
612370395
468359580
115086899
575988465
131834440
882212759
176400576
3
45953136
609288291
583061755
968092700
876192746
681378698
893250397
974962778
354694183
115086899
156927607
673012249
982885479
45953136
232646388
156757508
89323741
279082870
196914025
612370395
176977762
140168879
82445615
