0
0
0
0
0
0
0
0
0
0
1593350922240000
15896581721426165760000
0
0
0
0
0
0
0
0
0
0
0
0
0
0
0
1625702400
5618427494400
3244641878016000
475880808775680000
417585409700659200000
0
0
0
0
0
0
0
0
0
0
0
0
0
0
0
0
0
50730624000
165176676403200
38437669244620800
0
0
0
0
0
0
0
0
0
0
0
0
0
0
0
0
0
166467571200
537440553619200
17776738993305600
0
0
0
0
0
0
0
0
0
0
0
0
38400
725760
0
0
0
0
0
0
0
0
0
0
0
0
1
8
0
0
0
1
0
0
0
0
0
0
0
0
0
0
0
0
0
0
0
0
0
0
0
413617841683200
15953913185536972800
0
0
0
0
0
0
0
0
0
0
0
0
0
0
0
0
0
0
1884462747552000
16599762495745228800
0
0
0
0
0
0
0
0
0
0
0
0
0
0
0
0
0
7576934400
2832915533817600
5023852910246016000
0
0
0
0
0
0
0
0
0
0
0
0
0
0
0
0
0
0
2239939375027200
12838885268711040000
0
0
0
0
0
0
0
0
0
0
0
0
0
0
0
0
0
0
6009215579136000
14240534839906636800
0
0
0
0
0
0
0
0
0
2
390
24000
0
0
0
0
0
0
0
0
0
0
0
0
0
0
0
0
0
0
144
20160
0
0
0
0
0
0
0
0
0
0
0
0
0
0
0
0
0
0
36
37296
6537960
240559200
0
0
0
0
0
0
0
0
0
0
0
0
0
0
0
0
12
16848
4592160
274901760
0
0
0
0
0
0
0
0
0
0
0
0
0
0
0
0
12
17064
4483680
269133120
0
0
0
0
0
0
0
0
0
0
0
0
0
0
0
0
18
25776
6494520
335871360
0
0
0
0
0
0
0
0
0
0
0
0
0
0
0
0
0
0
0
0
0
4152960
537788160
12316147200
63228211200
0
0
0
0
0
0
0
0
0
0
0
0
0
0
0
70560
20401920
488073600
3022790400
4949683200
0
0
0
0
0
0
0
0
0
0
0
0
0
0
0
0
1290240
92171520
1404345600
4710182400
0
0
0
0
0
0
0
0
0
0
0
0
0
0
0
0
0
21047040
4307385600
110968704000
586297958400
0
0
0
0
0
0
0
0
0
0
0
0
0
0
0
3951360
892684800
32368896000
70572902400
0
0
0
0
0
0
0
0
0
0
0
0
0
0
0
0
31610880
4968190080
30993580800
0
0
0
0
0
0
0
0
0
0
0
0
0
0
0
0
10080
4677120
398442240
5007744000
0
0
0
0
0
0
0
0
0
0
0
0
0
0
0
0
332640
12579840
162570240
696729600
0
0
0
0
0
0
0
0
0
0
0
0
0
0
0
0
0
0
39421831680
83802814099200
63649321065792000
5237355082187289600
0
0
0
0
0
0
0
0
0
0
0
0
0
0
0
0
6546355200
22799960870400
16143226581081600
4110916416753484800
0
0
0
0
0
0
0
0
0
0
0
0
0
0
0
0
37318942080
284726011852800
58418504082892800
3208296595535539200
0
0
0
0
0
0
0
0
0
0
0
0
0
0
0
0
501137280
4987680364800
6267234940243200
5162015293976217600
0
0
0
0
0
0
0
0
0
0
0
0
0
0
0
0
13702348800
185587783718400
44546780607436800
1501022928906547200
0
0
0
0
0
0
0
0
0
0
0
0
0
0
0
0
0
0
0
0
0
0
0
0
0
0
0
0
0
0
0
0
0
0
0
0
0
0
0
0
0
0
0
0
0
0
0
0
0
0
0
0
0
17280
16148160
5107898880
488111339520
17881303910400
190115735040000
651825377280000
0
0
0
0
0
0
0
0
0
0
0
0
0
25920
21047040
5901880320
539686748160
18676882022400
162956344320000
434550251520000
0
0
0
0
0
0
0
0
0
0
0
0
0
0
0
67092480
322056725760
199326104812800
33831161631590400
1278985493557094400
0
0
0
0
0
0
0
0
0
0
0
0
0
0
0
17498880
177982116480
144561151526400
24744822170745600
1941411058410700800
0
0
0
0
0
0
0
0
0
0
0
0
0
0
0
38707200
96839971200
134633208326400
48515267948716800
1731846560316364800
0
0
0
0
0
0
0
0
0
0
0
0
0
0
0
51367680
242229657600
130760320723200
25133585457657600
328603515095116800
0
0
0
0
0
0
0
0
0
0
0
0
0
0
0
14797440
101124858240
78695100288000
20429241847660800
1738320833599257600
0
0
0
0
0
0
0
0
0
0
0
0
0
0
0
143700480
59380957440
7670296166400
271162805760000
2657884078080000
0
0
0
0
0
0
0
0
0
0
0
0
0
0
0
399168000
105172784640
9777743539200
331584067584000
3470366592000000
0
0
0
0
0
0
0
0
0
0
0
0
0
0
25401600
92461824000
59915261952000
10984464691200000
604145558016000000
39148632159436800000
0
0
0
0
0
0
0
0
0
0
0
0
0
518400
1828915200
1188794880000
228248616960000
14122883174400000
248562743869440000
745688231608320000
0
0
0
0
0
0
0
0
0
0
0
0
0
0
766080
6988504320
3819841441920
532931889369600
29400348332678400
274714466587545600
0
0
0
0
0
0
0
0
0
0
0
0
0
0
670320
5784710400
4779771897600
737707515552000
26711256142771200
162472872677068800
0
0
0
0
0
0
0
0
0
0
0
0
0
0
695520
2222599680
1225396408320
294896914099200
30745000865779200
475244386173849600
0
0
0
0
0
0
0
0
0
0
0
0
0
0
1441440
3176732160
1478059591680
206791199596800
10811122235020800
128168866053043200
0
0
0
0
0
0
0
0
0
0
0
0
0
0
670320
2086640640
1386528192000
325508516524800
23708658683001600
272033578457625600
0
0
0
0
0
0
0
0
0
0
0
0
0
0
0
0
0
15676416000
260960071680000
1161214838784000000
0
0
0
0
0
0
0
0
0
0
0
0
0
0
0
0
0
1410877440000
1876038506496000
676771780608000000
0
0
0
0
0
0
0
0
0
0
0
0
0
0
0
0
0
28522368000
1610348333932800
1103181301740672000
0
0
0
0
0
0
0
0
0
0
0
0
0
0
0
0
0
74462976000
803822604076800
346962141400089600
0
0
0
0
0
0
0
0
0
0
0
0
0
0
0
0
0
84815942400
2463963074496000
322863454506700800
0
0
0
0
0
0
0
0
0
0
0
0
0
0
0
0
0
99425491200
2406172569292800
838537029011404800
0
0
0
0
0
0
0
0
0
0
0
0
0
0
0
0
0
1119176352000
4935380651308800
586438775290368000
0
0
0
0
0
0
0
0
0
0
0
0
0
0
0
0
0
505455552000
3010960268870400
563174992496793600
0
0
0
0
0
0
0
0
0
0
0
0
0
0
0
0
0
0
0
7213751450357760000
0
0
0
0
0
0
0
0
0
0
0
0
0
0
0
0
0
0
0
7213751450357760000
0
0
0
0
0
0
0
0
0
0
0
0
0
0
0
0
0
0
7050060030182400
17728973725425177600
0
0
0
0
0
0
0
0
0
0
0
0
0
0
0
0
0
4260211200
2062651861670400
13599316574168371200
0
0
0
0
0
0
0
0
0
0
0
0
0
0
0
0
0
0
1612539486835200
8814410623591372800
0
0
0
0
0
0
0
0
0
0
0
0
0
0
0
0
0
387933235200
7618294758412800
8325953484586214400
0
0
0
0
0
0
0
0
0
0
0
0
0
0
0
0
0
0
12838890805171200
9154973698791782400
0
0
0
0
0
0
0
0
0
0
0
0
0
0
0
0
0
0
372292218144000
92337764111553945600
0
0
0
0
0
0
0
0
0
0
0
0
0
0
0
0
0
0
302488233062400
58367406721652582400
0
0
0
0
0
0
0
0
0
0
0
0
0
0
0
0
0
0
1614494851200000
45070994868925132800
0
0
0
0
0
0
0
0
0
0
0
0
0
0
0
0
0
0
4448924748576000
48408447384681753600
0
0
0
0
0
0
0
0
0
0
0
0
0
0
0
0
0
0
1611926883705600
53684571216750566400
0
0
0
0
0
0
0
0
0
0
0
0
0
0
0
0
0
0
30599569034496000
60787905759858816000
0
0
0
0
0
0
0
0
0
0
0
0
0
0
0
0
0
0
1520370477964800
42153973603343078400
0
0
0
0
0
0
0
0
0
0
0
0
0
0
0
0
0
0
837726736492800
39723527596356172800
0
0
0
0
0
0
0
0
0
0
0
0
0
0
0
0
0
0
910975541414400
39454076450602598400
0
0
0
0
0
0
0
0
0
0
0
0
0
0
0
0
20469697920
24694154553600
2848171934361600
47260701486028800
0
0
0
0
0
0
0
0
0
0
0
0
0
0
0
0
4190901120
8279901907200
1425961497945600
33839844014592000
0
0
0
0
0
0
0
0
0
0
0
0
0
0
0
0
0
446647219200
417787191360000
24080882403916800
0
0
0
0
0
0
0
0
0
0
0
0
0
0
0
0
7791033600
13700044512000
4930075389254400
104350447785830400
0
0
0
0
0
0
0
0
0
0
0
0
0
0
0
0
0
292626432000
692597993472000
392511538298880000
0
0
0
0
0
0
0
0
0
0
0
0
0
0
0
0
18289152000
10424816640000
2409138547200000
205506056448000000
0
0
0
0
0
0
0
0
0
0
0
0
0
0
0
0
0
0
0
4873046520545280000
0
0
0
0
0
0
0
0
0
0
0
0
0
0
0
0
0
0
0
4363874334167040000
0
0
0
0
0
0
0
0
0
0
0
0
0
0
0
0
1856494080
1193642956800
288605928441600
9738504889344000
0
0
0
0
0
0
0
0
0
0
0
0
0
0
0
0
47174400
281979532800
60126955257600
553168291737600
0
0
0
0
0
0
0
0
0
0
0
0
0
0
0
0
19232640
219302899200
65412059328000
2240184623846400
0
0
0
0
0
0
0
0
0
0
0
0
0
0
0
0
99792000
255953779200
45980082086400
1211467375641600
0
0
0
0
0
0
0
0
0
0
0
0
0
0
0
0
131725440
265998297600
68238328435200
1882240619212800
0
0
0
0
0
0
0
0
0
0
0
0
0
0
0
4032000
45169488000
18942760569600
1255815100108800
11756095074662400
0
0
0
0
0
0
0
0
0
0
0
0
0
0
0
3467520
19849536000
7938195955200
632197927468800
8716629220992000
0
0
0
0
0
0
0
0
0
0
0
0
0
0
0
725760
53108939520
27034567257600
698669698003200
0
0
0
0
0
0
0
0
0
0
0
0
0
0
0
0
1048320
27719677440
15319280390400
2041653589113600
25456518955929600
0
0
0
0
0
0
0
0
0
0
0
0
0
0
0
2862720
20940353280
17856617184000
907827183648000
6876575230694400
0
0
0
0
0
0
0
0
0
0
0
0
0
0
0
5886720
59443735680
23117339347200
662232205958400
2656787164416000
0
0
0
0
0
0
0
0
0
0
0
0
0
0
0
0
0
13168189440000
28970016768000000
6845417966164377600000
0
0
0
0
0
0
0
0
0
0
0
0
0
0
0
0
131681894400
391095226368000
172081899601920000
2129685589473361920000
0
0
0
0
0
0
0
0
0
0
0
0
0
0
0
0
0
0
0
28902875857138483200000
0
0
0
0
0
0
0
0
0
0
0
0
0
0
0
0
0
9507938630400
74090857761043200
10698558968703513600
0
0
0
0
0
0
0
0
0
0
0
0
0
0
0
0
0
428194771200
1102329974592000
11132494710507878400
0
0
0
0
0
0
0
0
0
0
0
0
0
0
0
0
0
18555357139200
31972275054720000
4671036195261004800
0
0
0
0
0
0
0
0
0
0
0
0
0
0
0
0
0
33297868800
1177068634156800
11406704874630912000
0
0
0
0
0
0
0
0
0
0
0
0
0
0
0
0
401345280
17638867411200
119431736761075200
2760184780782105600
0
0
0
0
0
0
0
0
