706893
663854
786136
667950
631697
537227
703877
750205
609047
580397
-1
-1
-1
-1
-1
-1
-1
422
-1
-1
-1
-1
-1
-1
-1
-1
531
-1
712
-1
15913488983025
1899076
1841171
1796555
2042584
1737184
1831791
1735695
1932364
1763144
1888869
1713105
1676398
1875623
1671090
2006425
1860157
1770264
1843576
2002257
1771320
80989038800
-1
177696024046
-1
175005834443
178287529956
7398719948263
-1
-1
-1
66096708
-1
-1
-1
57098831
-1
57563843
-1
5947285
233565
465
559
285
405
368
435
375
551
515
492
300
443
411
375
239
563
353
455
592
504
498908
502556
465871
539576
317765
478391
521859
370832
518232
511437
443519
527928
458577
435392
459177
432281
496617
433697
382115
434804
6477
7142
6848
6206
6361
6490
6422
6124
5737
6510
32933046163
239459871333
-1
-1
-1
-1
-1
-1
-1
452
-1
-1
-1
-1
-1
-1
-1
-1
531
-1
712
-1
733872
729600
93454901
118706135336
116628784736
121041073039
128871474062
122422773062
117662058324
118914262810
115928891887
113892271929
118982684456
537
694
389
518
436
435
435
682
515
597
626
434
659
421
564
563
596
518
693
1058
15553628130185
-1
4253049223
2987019947
3195674376
2434714995
2874900910
2676138302
2614129698
2697172792
2788150008
2378613499
170
-1
