10703046357
10618722082
4152429803
2479033838
197065491
633644563
5429387608
2381263630
6953634205
1207891702
5537233950
7209153719
238358304
5044715971
5433509719
5060007781
1147947740
2139981434
2552780347
7034681656
2572090772
4113922691
7196946852
6090063162
3183272709
2377902650
4859645225
134115374
2995767334
700408115
777271339
3163609688
3386858627
3272575469
183510217
1491568333
5929070976
3739024051
4798106253
5560768363
4929213755
3680636134
217440246
3851391097
5692381892
948760493
2581950322
4270315032
1270645491
6607395126
2638670386
1920688998
4235928424
706636471
4593545364
2710619756
303228595
4914053668
1528883563
5541297735
5404944668
1544266013
7942539719
1096039378
4823265641
2464826859
6066548200
2370824694
2120004112
1663705776
1848746168
2925096455
1908708378
3171282003
1901953118
4403119878
5640397695
2113642153
2959432432
257046421
4372459623
18221721
4297495426
2103936309
685648087
4103721097
6961045093
508700076
3712622367
6150969116
1097427854
3412531331
6052002307
493097799
760843289
4568722569
3443018719
409857515
4197167201
162851065
