19692
24138
21811
12265
22183
18655
12336
27642
21139
38692
16881
19087
9
13
7
7
7
2
6
18
3
4
9
3
3
22
4
5
5
3
3
2
4
2
2
1
7
1
6
4
6
14
3
26
0
9
11
8
3
2
3
3
15
2
3
6
4
11
1
6
3
4
1
3
6
1
3
2
12
5
4
8
15
3
5
10
16
3
20
8
1
1
10
1
2
12
2
7
4
1
5
4
5
4
1
2
2
5
6
3
3
4
0
3
2
11
2
4
4
1
7
4
0
5
3
3
3
4
10
12
9
2
4
7
22
3
7
4
8
12
1
3
3
4
19
6
12
0
8
6
5
4
0
6
2
5
9
2
5
7
7
3
2
2
2
4
5
5
2
8
15
13
3
8
3
6
0
4
7
3
1
0
4
8
19
3
1
3
25
4
3
16
1
15
4
10
20
5
2
3
6
5
3
2
1
7
5
3
2
2
5
2
5
7
5
2
3
3
10
2
4
7
6
4
5
12
2
2
5
2
4
4
1
5
3
3
3
6
1
3
3
6
0
0
0
9
2
4
6
5
1
2
3
16
3
5
4
9
6
5
11
3
2
4
14
5
8
8
10
2
8
4
9
7
14
2
14
4
0
5
4
1
7
7
6
2
5
18
3
3
14
3
3
1
5
8
5
5
6
11
2
6
7
4
2
3
2
5
5
28
1
6
10
4
10
3
7
4
9
5
2
1
0
8
1
5
2
2
4
14
1
3
9
2
1
3
2
1
5
3
4
4
0
2
2
5
9
3
2
14
5
6
3
5
1
4
3
4
5
11
2
3
6
2
3
15
4
3
16
4
6
3
2
2
10
0
3
2
6
4
4
6
4
6
1
4
15
5
2
2
2
10
2
2
2
2
2
4
12
2
6
3
0
2
3
2
14
7
6
5
6
16
2
4
12
2
32
3
0
10
6
7
4
1
1
3
4
8
3
12
0
4
0
4
15
4
2
3
2
14
2
12
10
2
25
2
5
2
2
2
7
4
5
6
5
0
5
2
2
4
3
8
2
15
3
3
3
4
26
2
3
2
4
18
4
3
3
3
2
4
3
0
2
4
4
3
27
8
4
8
8
0
15
16
4
3
3
1
6
8
2
9
1
2
5
4
3
5
20
6
4
2
2
2
15
15
14
8
7
6
3
5
37
1
5
16
3
2
2
4
14
1
6
2
2
2
2
6
3
4
2
2
6
5
1
5
10
75
3
4
1
4
70
4
17
2
4
3
15
3
0
2
3
4
7
3
17
4
2
3
1
6
3
2
3
22
2
4
4
2
11
4
7
4
0
3
3
5
2
14
3
0
5
6
4
2
3
3
4
6
3
3
4
2
0
11
2
3
6
5
4
9
2
4
3
2
12
1
4
2
4
3
7
3
9
2
15
4
3
2
11
2
12
3
1
2
10
4
5
10
4
3
7
3
4
5
3
0
2
6
1
22
3
4
5
17
4
37
5
4
6
2
6
1
2
6
2
10
4
1
3
3
7
7
5
4
4
2
7
3
4
6
3
4
6
3
8
4
4
11
1
17
3
7
11
1
0
1
3
0
1
2
6
6
6
11
8
5
10
4
12
2
3
3
4
3
2
1
3
4
4
0
2
2
4
5
2
6
2
3
9
4
8
2
15
6
3
4
3
9
1
3
2
4
2
2
5
19
12
8
9
8
2
17
0
13
14
2
6
5
2
17
2
2
2
10
0
5
6
2
1
4
3
2
3
13
4
7
2
5
3
5
3
9
2
12
6
7
5
8
4
3
11
14
2
4
0
5
3
2
3
7
2
5
3
3
5
7
3
4
2
5
4
2
0
9
36
3
1
0
8
6
20
8
1
10
28
8
6
3
2
0
2
2
6
16
4
3
3
5
2
23
5
0
3
4
13
3
9
2
3
8
2
2
53
2
13
3
6
4
6
4
13
2
8
31
7
16
4
2
1
46
17
4
1
1
1
2
4
2
1
2
9
4
4
4
7
14
2
4
3
5
0
2
4
4
11
12
4
5
2
20
24
3
2
5
0
12
1
2
7
4
1
4
1
3
0
10
6
0
8
7
6
2
3
2
16
0
4
3
2
7
2
3
2
13
6
7
3
3
6
2
2
3
2
5
2
4
7
2
6
7
1
3
4
4
4
10
0
8
5
2
4
16
3
3
3
4
8
1
