1
1707011694817242694164442058424641996069058130512872489061441999811593532881313810309486643423117898430190057111918909554147533223454557460573019149396692491800360340355587726966548041193424390330615044130786970107312831497593974090537952608256
6210072369202835740595917953850010221027544068466786444556208152104203810745507545323513635314585911801950922788524292824686320176459257565777149100164724556817819904083399622201061142526393779301051996774865875003571387415264231424
19490628022799998160706764775750376621752453715190015053735812914425897381532852204931230131764020518450609832462817336366918339730406188093155974592625306839062555399912946059741579310980107296705599186958436757747371195850789749891492727230937931225655477606208555094163657179983828221952
11090678776483259438313656736572334813745748301503266300681918322458485231222502492159897624416558312389564843845614287315896631296
1007641851683931820587806291420968258893675472328417820220872324040744595635843008946260940337480903424595632540239579541935629958157893251896932560850028184716008537290582817399466548302510149103210893455908181007667595468047259786297601506742546990374638711734272
176500872419263593559319302637789241459459619490723595292712620678918364397574906244117120062201874810681116593642749786132706054117399434226659568030434131651924755717669757535789504530793970482734834967427158147858432
200867255532373784442745261542645325315275374222849104412672
37375513539561023231108477793896786533525327931380202951304745106630862169773485150256437750311906506986637800026885384689161869077507588081685801531164378630160340372359290471078905382884178132992
150306725297525326584926758194517569752043683130132471725266622178061377607334940381676735896625196994043838464
90854840536950861318665475986000566794205170085914757535186274897579911014174740415773881339220445695095315200783272241691825203576832
10141204801825835211973625643008
97032380768794308446811218028906409703555376069793538196190752376628184542898555395679900551790404871905483168570692075385723752757175899465267954690073821200278436001303119096891580351974902801578937449607279296930802928363503616
2961193260766427870080908753323559866441509279473679754522422863056280045864824078237301652581494289303756200212728639995902214134435299666298460531313288000496778442422580538845568248046109094286466596972878396512780851085312
22592111669665739975592870737637022906810831294812620197467215446901550642889587999246991367961839975767182923986271972624986374927027127581012424707895568851446368731861728964581056579941628221790058875830676242925879296
58968162887836583628774290327941701420576894069006881693378223441337877537377325813845730080900918242835443359855685076558915384842574884883772410178635875682021801984
145998099763910246996517491382409322396583312231953917778534160572776805350677676368189209962155884792916553906355021033942038551084014015944085162231110854024063829579528478402651974151891320832
506532662216918085755909163048237445191949002959281848144001138878253517018177263964807989373425756138696031080481053366991595590260226478013534525648677207893210669360535830528
776259046150354467574489744231251277628443008558348305569526019013025476343188443165439204414323238975243865348565536603085790022057407195722143637520590569602227488010424952775132642815799222412631499596858234375446423426908028928
10715086071862673209484250490600018105614048117055336074437503883703510511249361224931983788156958581275946729175531468251871452856923140435984577574698574803934567774824230985421074605062371141877954182153046474983581941267398767559165543946077062914571196477686542167660429831652624386837205668069376
